<?xml version="1.0" encoding="UTF-8"?>
<!-- Generated by org.testng.reporters.JUnitReportReporter -->
<testsuite hostname="LAPTOP-6FVB8HKS" failures="0" tests="1" name="Actions_class.MouseRightclick" time="4.907" errors="0" timestamp="2023-10-07T18:47:05 EDT" skipped="0">
  <testcase classname="Actions_class.MouseRightclick" name="Rightclick" time="4.907"/>
</testsuite> <!-- Actions_class.MouseRightclick -->
