<?xml version="1.0" encoding="UTF-8"?>
<!-- Generated by org.testng.reporters.JUnitReportReporter -->
<testsuite hostname="LAPTOP-6FVB8HKS" failures="0" tests="1" name="com.example.Drag" time="3.719" errors="0" timestamp="2023-09-20T09:23:42 EDT" skipped="0">
  <testcase classname="com.example.Drag" name="Drageable" time="3.719"/>
</testsuite> <!-- com.example.Drag -->
