<?xml version="1.0" encoding="UTF-8"?>
<!-- Generated by org.testng.reporters.JUnitReportReporter -->
<testsuite hostname="LAPTOP-6FVB8HKS" failures="0" tests="3" name="Testcase.App" time="9.342" errors="0" timestamp="2023-10-22T10:07:09 EDT" skipped="0">
  <testcase classname="Testcase.App" name="testcase3" time="2.176"/>
  <testcase classname="Testcase.App" name="testcase2" time="3.031"/>
  <testcase classname="Testcase.App" name="testcase1" time="4.135"/>
</testsuite> <!-- Testcase.App -->
