<?xml version="1.0" encoding="UTF-8"?>
<!-- Generated by org.testng.reporters.JUnitReportReporter -->
<testsuite hostname="LAPTOP-6FVB8HKS" failures="0" tests="4" name="Actions_class.Practicetest" time="0.016" errors="0" timestamp="2023-10-02T11:10:13 EDT" skipped="1">
  <testcase classname="Actions_class.Practicetest" name="test" time="0.003"/>
  <testcase classname="Actions_class.Practicetest" name="ThirdTest" time="0.004"/>
  <testcase classname="Actions_class.Practicetest" name="SecondTest" time="0.009"/>
  <testcase classname="Actions_class.Practicetest" name="test5">
    <skipped/>
  </testcase> <!-- test5 -->
</testsuite> <!-- Actions_class.Practicetest -->
