<?xml version="1.0" encoding="UTF-8"?>
<!-- Generated by org.testng.reporters.JUnitReportReporter -->
<testsuite hostname="LAPTOP-6FVB8HKS" failures="0" tests="4" name="Actions_class.TestNgDetailes_pratice" time="0.013" errors="0" timestamp="2023-10-07T18:47:26 EDT" skipped="1">
  <testcase classname="Actions_class.TestNgDetailes_pratice" name="test" time="0.003"/>
  <testcase classname="Actions_class.TestNgDetailes_pratice" name="SecondTest" time="0.008"/>
  <testcase classname="Actions_class.TestNgDetailes_pratice" name="ThirdTest" time="0.002"/>
  <testcase classname="Actions_class.TestNgDetailes_pratice" name="test5">
    <skipped/>
  </testcase> <!-- test5 -->
</testsuite> <!-- Actions_class.TestNgDetailes_pratice -->
