<?xml version="1.0" encoding="UTF-8"?>
<!-- Generated by org.testng.reporters.JUnitReportReporter -->
<testsuite hostname="LAPTOP-6FVB8HKS" failures="0" tests="1" name="com.example.Browser_TestExcelHandlingTestCase" time="1.703" errors="0" timestamp="2023-09-28T10:34:29 EDT" skipped="0">
  <testcase classname="com.example.Browser_TestExcelHandlingTestCase" name="test" time="1.703"/>
</testsuite> <!-- com.example.Browser_TestExcelHandlingTestCase -->
