<?xml version="1.0" encoding="UTF-8"?>
<!-- Generated by org.testng.reporters.JUnitReportReporter -->
<testsuite hostname="LAPTOP-6FVB8HKS" failures="0" tests="1" name="Actions_class.TestNG_Dependence" time="0.013" errors="0" timestamp="2023-10-08T23:03:06 EDT" skipped="0">
  <testcase classname="Actions_class.TestNG_Dependence" name="drived" time="0.013"/>
</testsuite> <!-- Actions_class.TestNG_Dependence -->
