<?xml version="1.0" encoding="UTF-8"?>
<!-- Generated by org.testng.reporters.JUnitReportReporter -->
<testsuite hostname="LAPTOP-6FVB8HKS" failures="0" tests="1" name="com.example.Mouse" time="3.833" errors="0" timestamp="2023-09-20T00:46:06 EDT" skipped="0">
  <testcase classname="com.example.Mouse" name="drage" time="3.833"/>
</testsuite> <!-- com.example.Mouse -->
