<?xml version="1.0" encoding="UTF-8"?>
<!-- Generated by org.testng.reporters.JUnitReportReporter -->
<testsuite hostname="LAPTOP-6FVB8HKS" failures="0" tests="1" name="com.example.Test_time" time="5.063" errors="0" timestamp="2023-09-14T09:23:27 EDT" skipped="0">
  <testcase classname="com.example.Test_time" name="webtest" time="5.063"/>
</testsuite> <!-- com.example.Test_time -->
