<?xml version="1.0" encoding="UTF-8"?>
<!-- Generated by org.testng.reporters.JUnitReportReporter -->
<testsuite hostname="LAPTOP-6FVB8HKS" failures="0" tests="1" name="com.example.BankOfAmerica" time="11.282" errors="0" timestamp="2023-10-02T00:56:45 EDT" skipped="0">
  <testcase classname="com.example.BankOfAmerica" name="wedBank" time="11.282"/>
</testsuite> <!-- com.example.BankOfAmerica -->
