<?xml version="1.0" encoding="UTF-8"?>
<!-- Generated by org.testng.reporters.JUnitReportReporter -->
<testsuite hostname="LAPTOP-6FVB8HKS" failures="0" tests="1" name="com.example.TestCase" time="1.781" errors="0" timestamp="2023-09-15T00:11:02 EDT" skipped="0">
  <testcase classname="com.example.TestCase" name="test" time="1.781"/>
</testsuite> <!-- com.example.TestCase -->
