<?xml version="1.0" encoding="UTF-8"?>
<!-- Generated by org.testng.reporters.JUnitReportReporter -->
<testsuite hostname="LAPTOP-6FVB8HKS" failures="0" tests="1" name="com.example.MultiWindrow" time="4.178" errors="0" timestamp="2023-10-04T20:09:37 EDT" skipped="0">
  <testcase classname="com.example.MultiWindrow" name="Newmessagewindow" time="4.178"/>
</testsuite> <!-- com.example.MultiWindrow -->
