<?xml version="1.0" encoding="UTF-8"?>
<!-- Generated by org.testng.reporters.JUnitReportReporter -->
<testsuite hostname="LAPTOP-6FVB8HKS" failures="0" tests="2" name="testRunner.cucumber" time="7.125" errors="0" timestamp="2023-11-01T17:11:04 EDT" skipped="0">
  <testcase classname="testRunner.cucumber" name="runScenario" time="4.575"/>
  <testcase classname="testRunner.cucumber" name="runScenario" time="2.550"/>
</testsuite> <!-- testRunner.cucumber -->
