<?xml version="1.0" encoding="UTF-8"?>
<!-- Generated by org.testng.reporters.JUnitReportReporter -->
<testsuite hostname="LAPTOP-6FVB8HKS" failures="0" tests="1" name="com.example.TestFacebook" time="3.197" errors="0" timestamp="2023-09-08T21:35:22 EDT" skipped="0">
  <testcase classname="com.example.TestFacebook" name="Facebook" time="3.197"/>
</testsuite> <!-- com.example.TestFacebook -->
