<?xml version="1.0" encoding="UTF-8"?>
<!-- Generated by org.testng.reporters.JUnitReportReporter -->
<testsuite hostname="LAPTOP-6FVB8HKS" failures="0" tests="1" name="Actions_class.Drag" time="4.031" errors="0" timestamp="2023-10-07T18:47:42 EDT" skipped="0">
  <testcase classname="Actions_class.Drag" name="Drageable" time="4.031"/>
</testsuite> <!-- Actions_class.Drag -->
