<?xml version="1.0" encoding="UTF-8"?>
<!-- Generated by org.testng.reporters.JUnitReportReporter -->
<testsuite hostname="LAPTOP-6FVB8HKS" failures="0" tests="1" name="Hari_Class.Sample2" time="0.015" errors="0" timestamp="2023-10-03T10:25:52 EDT" skipped="0">
  <testcase classname="Hari_Class.Sample2" name="mymethod" time="0.015"/>
</testsuite> <!-- Hari_Class.Sample2 -->
