<?xml version="1.0" encoding="UTF-8"?>
<!-- Generated by org.testng.reporters.JUnitReportReporter -->
<testsuite hostname="LAPTOP-6FVB8HKS" failures="0" tests="1" name="Actions_class.MouseAction" time="3.675" errors="0" timestamp="2023-09-21T18:57:10 EDT" skipped="0">
  <testcase classname="Actions_class.MouseAction" name="Mouse" time="3.675"/>
</testsuite> <!-- Actions_class.MouseAction -->
