<?xml version="1.0" encoding="UTF-8"?>
<!-- Generated by org.testng.reporters.JUnitReportReporter -->
<testsuite hostname="LAPTOP-6FVB8HKS" failures="0" tests="1" name="com.example.WindowsLearing" time="6.306" errors="0" timestamp="2023-10-04T20:10:00 EDT" skipped="0">
  <testcase classname="com.example.WindowsLearing" name="browserCOnfigure" time="6.306"/>
</testsuite> <!-- com.example.WindowsLearing -->
