<?xml version="1.0" encoding="UTF-8"?>
<!-- Generated by org.testng.reporters.JUnitReportReporter -->
<testsuite hostname="LAPTOP-6FVB8HKS" failures="0" tests="1" name="com.example.Alert_Demo" time="3.212" errors="0" timestamp="2023-09-15T18:26:58 EDT" skipped="0">
  <testcase classname="com.example.Alert_Demo" name="alertdemo" time="3.212"/>
</testsuite> <!-- com.example.Alert_Demo -->
