<?xml version="1.0" encoding="UTF-8"?>
<!-- Generated by org.testng.reporters.JUnitReportReporter -->
<testsuite hostname="LAPTOP-6FVB8HKS" failures="0" tests="1" name="com.example.MouseAction" time="4.172" errors="0" timestamp="2023-09-20T00:53:41 EDT" skipped="0">
  <testcase classname="com.example.MouseAction" name="Mouse" time="4.172"/>
</testsuite> <!-- com.example.MouseAction -->
