<?xml version="1.0" encoding="UTF-8"?>
<!-- Generated by org.testng.reporters.JUnitReportReporter -->
<testsuite hostname="LAPTOP-6FVB8HKS" failures="0" tests="1" name="com.example.MouseRightclick" time="4.581" errors="0" timestamp="2023-09-06T17:03:26 EDT" skipped="0">
  <testcase classname="com.example.MouseRightclick" name="Rightclick" time="4.581"/>
</testsuite> <!-- com.example.MouseRightclick -->
