<?xml version="1.0" encoding="UTF-8"?>
<!-- Generated by org.testng.reporters.JUnitReportReporter -->
<testsuite hostname="LAPTOP-6FVB8HKS" failures="0" tests="1" name="com.example.MycontactForm" time="6.144" errors="0" timestamp="2023-10-07T18:42:54 EDT" skipped="0">
  <testcase classname="com.example.MycontactForm" name="webtest" time="6.144"/>
</testsuite> <!-- com.example.MycontactForm -->
