<?xml version="1.0" encoding="UTF-8"?>
<!-- Generated by org.testng.reporters.JUnitReportReporter -->
<testsuite hostname="LAPTOP-6FVB8HKS" failures="0" tests="1" name="com.example.BrowserTest" time="3.700" errors="0" timestamp="2023-09-20T21:15:38 EDT" skipped="0">
  <testcase classname="com.example.BrowserTest" name="browser" time="3.700"/>
</testsuite> <!-- com.example.BrowserTest -->
