<?xml version="1.0" encoding="UTF-8"?>
<!-- Generated by org.testng.reporters.JUnitReportReporter -->
<testsuite hostname="LAPTOP-6FVB8HKS" failures="0" tests="1" name="com.example.Datepicker" time="4.212" errors="0" timestamp="2023-09-01T21:26:37 EDT" skipped="0">
  <testcase classname="com.example.Datepicker" name="clander" time="4.212"/>
</testsuite> <!-- com.example.Datepicker -->
