<?xml version="1.0" encoding="UTF-8"?>
<!-- Generated by org.testng.reporters.JUnitReportReporter -->
<testsuite hostname="LAPTOP-6FVB8HKS" failures="0" tests="1" name="com.example.WedBrowser_Demo" time="5.596" errors="0" timestamp="2023-10-09T15:26:29 EDT" skipped="0">
  <testcase classname="com.example.WedBrowser_Demo" name="browser" time="5.596"/>
</testsuite> <!-- com.example.WedBrowser_Demo -->
